Requirement already satisfied: pandas in /work6/c_yeung/anaconda3/envs/starevent/lib/python3.8/site-packages (2.0.3)
Requirement already satisfied: python-dateutil>=2.8.2 in /work6/c_yeung/anaconda3/envs/starevent/lib/python3.8/site-packages (from pandas) (2.9.0.post0)
Requirement already satisfied: pytz>=2020.1 in /work6/c_yeung/anaconda3/envs/starevent/lib/python3.8/site-packages (from pandas) (2024.1)
Requirement already satisfied: tzdata>=2022.1 in /work6/c_yeung/anaconda3/envs/starevent/lib/python3.8/site-packages (from pandas) (2024.1)
Requirement already satisfied: numpy>=1.20.3 in /home/c_yeung/.local/lib/python3.8/site-packages (from pandas) (1.24.2)
Requirement already satisfied: six>=1.5 in /work6/c_yeung/anaconda3/envs/starevent/lib/python3.8/site-packages (from python-dateutil>=2.8.2->pandas) (1.16.0)
Epoch [1/2]
/home/c_yeung/workspace6/anaconda3/envs/starevent/lib/python3.8/runpy.py:127: RuntimeWarning: 'event.sports.soccer.models.FMS' found in sys.modules after import of package 'event.sports.soccer.models', but prior to execution of 'event.sports.soccer.models.FMS'; this may result in unpredictable behaviour
  warn(RuntimeWarning(msg))
Batch [1/3] | Loss: 16.6785 | CEL_action: 2.5383 | CEL_deltaT: 4.6580 | CEL_start_x: 4.7712 | CEL_start_y: 4.7110 | ACC_action: 0.0156 | F1_action: 0.0139 | MAE_deltaT: 10.4641 | MAE_x: 38.4461 | MAE_y: 23.6604
Batch [2/3] | Loss: 16.4771 | CEL_action: 2.4048 | CEL_deltaT: 4.6338 | CEL_start_x: 4.7616 | CEL_start_y: 4.6768 | ACC_action: 0.0449 | F1_action: 0.0270 | MAE_deltaT: 12.0863 | MAE_x: 40.9722 | MAE_y: 24.1264
Batch [3/3] | Loss: 16.3333 | CEL_action: 2.3209 | CEL_deltaT: 4.5919 | CEL_start_x: 4.7485 | CEL_start_y: 4.6720 | ACC_action: 0.0794 | F1_action: 0.0365 | MAE_deltaT: 9.8554 | MAE_x: 43.2592 | MAE_y: 24.6522
Training Loss: 16.3333
Batch [1/4] | Loss: 16.0035 | CEL_action: 2.0656 | CEL_deltaT: 4.4614 | CEL_start_x: 4.7832 | CEL_start_y: 4.6933 | ACC_action: 0.3320 | F1_action: 0.0554 | MAE_deltaT: 2.1945 | MAE_x: 60.3429 | MAE_y: 28.2619
Batch [2/4] | Loss: 16.0218 | CEL_action: 2.0702 | CEL_deltaT: 4.4624 | CEL_start_x: 4.7675 | CEL_start_y: 4.7217 | ACC_action: 0.3320 | F1_action: 0.0554 | MAE_deltaT: 2.6316 | MAE_x: 54.6703 | MAE_y: 28.5713
Batch [3/4] | Loss: 16.0096 | CEL_action: 2.0767 | CEL_deltaT: 4.4620 | CEL_start_x: 4.7499 | CEL_start_y: 4.7209 | ACC_action: 0.3229 | F1_action: 0.0542 | MAE_deltaT: 2.9744 | MAE_x: 53.0472 | MAE_y: 27.9417
Batch [4/4] | Loss: 16.0564 | CEL_action: 2.0930 | CEL_deltaT: 4.4889 | CEL_start_x: 4.7519 | CEL_start_y: 4.7225 | ACC_action: 0.3050 | F1_action: 0.0518 | MAE_deltaT: 2.7348 | MAE_x: 51.8828 | MAE_y: 27.3911
Validation Loss: 16.0564

Epoch [2/2]
Batch [1/3] | Loss: 15.8331 | CEL_action: 2.0240 | CEL_deltaT: 4.4494 | CEL_start_x: 4.6883 | CEL_start_y: 4.6715 | ACC_action: 0.2852 | F1_action: 0.0726 | MAE_deltaT: 3.2707 | MAE_x: 47.5308 | MAE_y: 26.5920
Batch [2/3] | Loss: 15.7979 | CEL_action: 1.9637 | CEL_deltaT: 4.4210 | CEL_start_x: 4.7379 | CEL_start_y: 4.6753 | ACC_action: 0.3242 | F1_action: 0.0775 | MAE_deltaT: 3.3924 | MAE_x: 48.2980 | MAE_y: 26.1627
Batch [3/3] | Loss: 15.6772 | CEL_action: 1.9074 | CEL_deltaT: 4.3833 | CEL_start_x: 4.7221 | CEL_start_y: 4.6645 | ACC_action: 0.3438 | F1_action: 0.0792 | MAE_deltaT: 3.3746 | MAE_x: 48.2169 | MAE_y: 26.9163
Training Loss: 15.6772
Batch [1/4] | Loss: 15.6339 | CEL_action: 1.8692 | CEL_deltaT: 4.3034 | CEL_start_x: 4.7636 | CEL_start_y: 4.6978 | ACC_action: 0.3320 | F1_action: 0.0554 | MAE_deltaT: 5.7794 | MAE_x: 62.8839 | MAE_y: 33.0116
Batch [2/4] | Loss: 15.6613 | CEL_action: 1.8712 | CEL_deltaT: 4.3077 | CEL_start_x: 4.7530 | CEL_start_y: 4.7294 | ACC_action: 0.3320 | F1_action: 0.0554 | MAE_deltaT: 6.0313 | MAE_x: 57.8812 | MAE_y: 31.4837
Batch [3/4] | Loss: 15.6748 | CEL_action: 1.8823 | CEL_deltaT: 4.3177 | CEL_start_x: 4.7435 | CEL_start_y: 4.7314 | ACC_action: 0.3229 | F1_action: 0.0542 | MAE_deltaT: 6.2176 | MAE_x: 56.2169 | MAE_y: 30.5971
Batch [4/4] | Loss: 15.7324 | CEL_action: 1.9143 | CEL_deltaT: 4.3423 | CEL_start_x: 4.7436 | CEL_start_y: 4.7321 | ACC_action: 0.3050 | F1_action: 0.0518 | MAE_deltaT: 6.1578 | MAE_x: 55.1052 | MAE_y: 29.7956
Validation Loss: 15.7324

Best epoch: 2 | Best validation loss: 15.7324 | Corresponding training loss: 15.6772
FLOPs: 2031733792 | Number of parameters: 678112
Model and loss saved at /home/c_yeung/workspace6/python/openstarlab/Event/test/model/FMS//out/train/20240928_114700/run_1/
Epoch [1/2]
/home/c_yeung/workspace6/anaconda3/envs/starevent/lib/python3.8/runpy.py:127: RuntimeWarning: 'event.sports.soccer.models.LEM_action' found in sys.modules after import of package 'event.sports.soccer.models', but prior to execution of 'event.sports.soccer.models.LEM_action'; this may result in unpredictable behaviour
  warn(RuntimeWarning(msg))
Batch [1/3] | Loss: 0.7399 | BCEL_action: 0.7399 | ACC_action: 0.3633 | F1_action: 0.0592
Batch [2/3] | Loss: 0.5295 | BCEL_action: 0.5295 | ACC_action: 0.3770 | F1_action: 0.0608
Batch [3/3] | Loss: 0.4452 | BCEL_action: 0.4452 | ACC_action: 0.3802 | F1_action: 0.0637
Training Loss: 0.4452
Batch [1/4] | Loss: 0.3135 | BCEL_action: 0.3135 | ACC_action: 0.3828 | F1_action: 0.0615
Batch [2/4] | Loss: 0.3092 | BCEL_action: 0.3092 | ACC_action: 0.4004 | F1_action: 0.0635
Batch [3/4] | Loss: 0.3113 | BCEL_action: 0.3113 | ACC_action: 0.3997 | F1_action: 0.0634
Batch [4/4] | Loss: 0.3193 | BCEL_action: 0.3193 | ACC_action: 0.3742 | F1_action: 0.0603
Validation Loss: 0.3193

Epoch [2/2]
Batch [1/3] | Loss: 0.2768 | BCEL_action: 0.2768 | ACC_action: 0.3750 | F1_action: 0.0606
Batch [2/3] | Loss: 0.2644 | BCEL_action: 0.2644 | ACC_action: 0.3945 | F1_action: 0.0628
Batch [3/3] | Loss: 0.2569 | BCEL_action: 0.2569 | ACC_action: 0.3971 | F1_action: 0.0631
Training Loss: 0.2569
Batch [1/4] | Loss: 0.2847 | BCEL_action: 0.2847 | ACC_action: 0.3828 | F1_action: 0.0615
Batch [2/4] | Loss: 0.2833 | BCEL_action: 0.2833 | ACC_action: 0.4004 | F1_action: 0.0635
Batch [3/4] | Loss: 0.2898 | BCEL_action: 0.2898 | ACC_action: 0.3997 | F1_action: 0.0634
Batch [4/4] | Loss: 0.3020 | BCEL_action: 0.3020 | ACC_action: 0.3742 | F1_action: 0.0603
Validation Loss: 0.3020

Best epoch: 2 | Best validation loss: 0.3020 | Corresponding training loss: 0.2569
FLOPs: 9437184 | Number of parameters: 18697
Model and loss saved at /home/c_yeung/workspace6/python/openstarlab/Event/test/model/LEM_action//out/train/20240928_114711/run_1/
Epoch [1/2]
/home/c_yeung/workspace6/anaconda3/envs/starevent/lib/python3.8/runpy.py:127: RuntimeWarning: 'event.sports.soccer.models.LEM' found in sys.modules after import of package 'event.sports.soccer.models', but prior to execution of 'event.sports.soccer.models.LEM'; this may result in unpredictable behaviour
  warn(RuntimeWarning(msg))
Batch [1/3] | Loss: 0.7260 | BCEL_continuous: 0.7260 | AE_deltaT: 1.9752 | AE_start_x: 30.6161 | AE_start_y: 21.7116
Batch [2/3] | Loss: 0.5001 | BCEL_continuous: 0.5001 | AE_deltaT: 3.2190 | AE_start_x: 29.3836 | AE_start_y: 20.7817
Batch [3/3] | Loss: 0.3691 | BCEL_continuous: 0.3691 | AE_deltaT: 4.8744 | AE_start_x: 30.9194 | AE_start_y: 21.2376
Training Loss: 0.3691
Batch [1/4] | Loss: 0.0612 | BCEL_continuous: 0.0612 | AE_deltaT: 42.1360 | AE_start_x: 50.0827 | AE_start_y: 26.9564
Batch [2/4] | Loss: 0.0610 | BCEL_continuous: 0.0610 | AE_deltaT: 41.8391 | AE_start_x: 45.8241 | AE_start_y: 27.4857
Batch [3/4] | Loss: 0.0608 | BCEL_continuous: 0.0608 | AE_deltaT: 40.2377 | AE_start_x: 44.2794 | AE_start_y: 26.6425
Batch [4/4] | Loss: 0.0608 | BCEL_continuous: 0.0608 | AE_deltaT: 39.6108 | AE_start_x: 43.5352 | AE_start_y: 26.5462
Validation Loss: 0.0608

Epoch [2/2]
Batch [1/3] | Loss: 0.0611 | BCEL_continuous: 0.0611 | AE_deltaT: 12.3243 | AE_start_x: 37.8028 | AE_start_y: 22.1281
Batch [2/3] | Loss: 0.0580 | BCEL_continuous: 0.0580 | AE_deltaT: 7.5238 | AE_start_x: 37.5784 | AE_start_y: 22.1520
Batch [3/3] | Loss: 0.0583 | BCEL_continuous: 0.0583 | AE_deltaT: 5.5866 | AE_start_x: 37.2532 | AE_start_y: 21.7381
Training Loss: 0.0583
Batch [1/4] | Loss: 0.0669 | BCEL_continuous: 0.0669 | AE_deltaT: 1.5654 | AE_start_x: 34.4808 | AE_start_y: 27.1872
Batch [2/4] | Loss: 0.0669 | BCEL_continuous: 0.0669 | AE_deltaT: 1.7742 | AE_start_x: 31.3078 | AE_start_y: 27.7324
Batch [3/4] | Loss: 0.0670 | BCEL_continuous: 0.0670 | AE_deltaT: 2.1438 | AE_start_x: 30.7616 | AE_start_y: 26.8786
Batch [4/4] | Loss: 0.0670 | BCEL_continuous: 0.0670 | AE_deltaT: 1.9935 | AE_start_x: 30.3195 | AE_start_y: 26.7656
Validation Loss: 0.0670

Best epoch: 1 | Best validation loss: 0.0608 | Corresponding training loss: 0.3691
FLOPs: 58589184 | Number of parameters: 115256
Model and loss saved at /home/c_yeung/workspace6/python/openstarlab/Event/test/model/LEM//out/train/20240928_114720/run_1/
Epoch [1/1]
/home/c_yeung/workspace6/anaconda3/envs/starevent/lib/python3.8/runpy.py:127: RuntimeWarning: 'event.sports.soccer.models.MAJ' found in sys.modules after import of package 'event.sports.soccer.models', but prior to execution of 'event.sports.soccer.models.MAJ'; this may result in unpredictable behaviour
  warn(RuntimeWarning(msg))
Batch [1/3] | Loss: 0.4329 | BCEL_action: 0.2303 | BCEL_deltaT: 0.0734 | BCEL_start_x: 0.0784 | BCEL_start_y: 0.0508 | ACC_action: 0.4453 | F1_action: 0.0685 | AE_deltaT: 153.0492 | AE_start_x: 50.1643 | AE_start_y: 4.5896
Batch [2/3] | Loss: 0.4358 | BCEL_action: 0.2335 | BCEL_deltaT: 0.0732 | BCEL_start_x: 0.0784 | BCEL_start_y: 0.0508 | ACC_action: 0.4355 | F1_action: 0.0674 | AE_deltaT: 152.3845 | AE_start_x: 50.1562 | AE_start_y: 4.1120
Batch [3/3] | Loss: 0.4357 | BCEL_action: 0.2332 | BCEL_deltaT: 0.0734 | BCEL_start_x: 0.0784 | BCEL_start_y: 0.0508 | ACC_action: 0.4323 | F1_action: 0.0671 | AE_deltaT: 153.0492 | AE_start_x: 50.1534 | AE_start_y: 3.8733
Training Loss: 0.4357
Batch [1/4] | Loss: 0.4236 | BCEL_action: 0.2484 | BCEL_deltaT: 0.0373 | BCEL_start_x: 0.0817 | BCEL_start_y: 0.0562 | ACC_action: 0.3828 | F1_action: 0.0615 | AE_deltaT: 1.5741 | AE_start_x: 23.0661 | AE_start_y: 33.1802
Batch [2/4] | Loss: 0.4130 | BCEL_action: 0.2489 | BCEL_deltaT: 0.0395 | BCEL_start_x: 0.0684 | BCEL_start_y: 0.0563 | ACC_action: 0.4004 | F1_action: 0.0635 | AE_deltaT: 1.7769 | AE_start_x: 21.8520 | AE_start_y: 34.1870
Batch [3/4] | Loss: 0.4176 | BCEL_action: 0.2525 | BCEL_deltaT: 0.0417 | BCEL_start_x: 0.0672 | BCEL_start_y: 0.0562 | ACC_action: 0.3997 | F1_action: 0.0634 | AE_deltaT: 2.1325 | AE_start_x: 22.6444 | AE_start_y: 33.3173
Batch [4/4] | Loss: 0.4240 | BCEL_action: 0.2607 | BCEL_deltaT: 0.0411 | BCEL_start_x: 0.0661 | BCEL_start_y: 0.0561 | ACC_action: 0.3742 | F1_action: 0.0603 | AE_deltaT: 2.0220 | AE_start_x: 22.0945 | AE_start_y: 33.3105
Validation Loss: 0.4240

Best epoch: 1 | Best validation loss: 0.4240 | Corresponding training loss: 0.4357
Model and loss saved at /home/c_yeung/workspace6/python/openstarlab/Event/test/model/MAJ//out/train/20240928_114730/run_1/
Epoch [1/2]
/home/c_yeung/workspace6/anaconda3/envs/starevent/lib/python3.8/runpy.py:127: RuntimeWarning: 'event.sports.soccer.models.NMSTPP' found in sys.modules after import of package 'event.sports.soccer.models', but prior to execution of 'event.sports.soccer.models.NMSTPP'; this may result in unpredictable behaviour
  warn(RuntimeWarning(msg))
Batch [1/3] | Loss: 13.7106 | CEL_action: 2.1877 | RMSE_deltaT: 0.4342 | RMSE_location: 0.9352 | ACC_action: 0.0117 | F1_action: 0.0050 | MAE_deltaT: 2.9524 | MAE_x: 49.7105 | MAE_y: 47.7441
Batch [2/3] | Loss: 10.5511 | CEL_action: 2.0911 | RMSE_deltaT: 0.3550 | RMSE_location: 0.6685 | ACC_action: 0.2676 | F1_action: 0.0699 | MAE_deltaT: 2.7754 | MAE_x: 35.4307 | MAE_y: 33.1666
Batch [3/3] | Loss: 9.7657 | CEL_action: 1.9906 | RMSE_deltaT: 0.3307 | RMSE_location: 0.6122 | ACC_action: 0.2943 | F1_action: 0.0657 | MAE_deltaT: 5.0928 | MAE_x: 35.3452 | MAE_y: 27.9978
Training Loss: 9.7657
Batch [1/4] | Loss: 7.1712 | CEL_action: 1.7190 | RMSE_deltaT: 0.2567 | RMSE_location: 0.4169 | ACC_action: 0.3320 | F1_action: 0.0554 | MAE_deltaT: 2.1961 | MAE_x: 21.8125 | MAE_y: 20.2762
Batch [2/4] | Loss: 6.9394 | CEL_action: 1.7113 | RMSE_deltaT: 0.2480 | RMSE_location: 0.3988 | ACC_action: 0.3320 | F1_action: 0.0554 | MAE_deltaT: 2.5185 | MAE_x: 20.7039 | MAE_y: 19.1023
Batch [3/4] | Loss: 7.0087 | CEL_action: 1.7254 | RMSE_deltaT: 0.2506 | RMSE_location: 0.4030 | ACC_action: 0.3229 | F1_action: 0.0542 | MAE_deltaT: 2.9096 | MAE_x: 21.8374 | MAE_y: 18.9512
Batch [4/4] | Loss: 7.0628 | CEL_action: 1.7549 | RMSE_deltaT: 0.2704 | RMSE_location: 0.3956 | ACC_action: 0.3050 | F1_action: 0.0518 | MAE_deltaT: 2.6120 | MAE_x: 21.0988 | MAE_y: 18.6969
Validation Loss: 7.0628

Epoch [2/2]
Batch [1/3] | Loss: 6.6240 | CEL_action: 1.6060 | RMSE_deltaT: 0.2414 | RMSE_location: 0.3811 | ACC_action: 0.4258 | F1_action: 0.0664 | MAE_deltaT: 2.3527 | MAE_x: 18.2485 | MAE_y: 18.4906
Batch [2/3] | Loss: 6.7232 | CEL_action: 1.5663 | RMSE_deltaT: 0.2468 | RMSE_location: 0.3923 | ACC_action: 0.3828 | F1_action: 0.0614 | MAE_deltaT: 3.5689 | MAE_x: 20.3312 | MAE_y: 17.8154
Batch [3/3] | Loss: 6.9003 | CEL_action: 1.5309 | RMSE_deltaT: 0.2619 | RMSE_location: 0.4060 | ACC_action: 0.3763 | F1_action: 0.0606 | MAE_deltaT: 3.3016 | MAE_x: 21.9758 | MAE_y: 18.0018
Training Loss: 6.9003
Batch [1/4] | Loss: 6.8097 | CEL_action: 1.4779 | RMSE_deltaT: 0.2761 | RMSE_location: 0.3951 | ACC_action: 0.3320 | F1_action: 0.0554 | MAE_deltaT: 2.3528 | MAE_x: 16.4091 | MAE_y: 20.3970
Batch [2/4] | Loss: 6.7977 | CEL_action: 1.4608 | RMSE_deltaT: 0.2721 | RMSE_location: 0.3976 | ACC_action: 0.3320 | F1_action: 0.0554 | MAE_deltaT: 2.6726 | MAE_x: 17.8522 | MAE_y: 19.5370
Batch [3/4] | Loss: 6.9219 | CEL_action: 1.5000 | RMSE_deltaT: 0.2747 | RMSE_location: 0.4049 | ACC_action: 0.3229 | F1_action: 0.0542 | MAE_deltaT: 3.0728 | MAE_x: 19.6806 | MAE_y: 19.1931
Batch [4/4] | Loss: 7.0145 | CEL_action: 1.5695 | RMSE_deltaT: 0.2859 | RMSE_location: 0.4016 | ACC_action: 0.3050 | F1_action: 0.0518 | MAE_deltaT: 2.7598 | MAE_x: 19.6604 | MAE_y: 18.9560
Validation Loss: 7.0145

Best epoch: 2 | Best validation loss: 7.0145 | Corresponding training loss: 6.9003
FLOPs: 233768456 | Number of parameters: 154145
Model and loss saved at /home/c_yeung/workspace6/python/openstarlab/Event/test/model/NMSTPP//out/train/20240928_114738/run_1/
Epoch [1/2]
/home/c_yeung/workspace6/anaconda3/envs/starevent/lib/python3.8/runpy.py:127: RuntimeWarning: 'event.sports.soccer.models.Seq2Event' found in sys.modules after import of package 'event.sports.soccer.models', but prior to execution of 'event.sports.soccer.models.Seq2Event'; this may result in unpredictable behaviour
  warn(RuntimeWarning(msg))
Batch [1/3] | Loss: 15.2724 | CEL_action: 2.1556 | RMSE_deltaT: 0.7967 | RMSE_location: 0.9133 | ACC_action: 0.0938 | F1_action: 0.0482 | MAE_deltaT: 2.4801 | MAE_x: 22.7557 | MAE_y: 55.1326
Batch [2/3] | Loss: 12.2273 | CEL_action: 2.0791 | RMSE_deltaT: 0.7033 | RMSE_location: 0.6632 | ACC_action: 0.2559 | F1_action: 0.0712 | MAE_deltaT: 2.7386 | MAE_x: 23.1524 | MAE_y: 36.4009
Batch [3/3] | Loss: 10.7057 | CEL_action: 2.0163 | RMSE_deltaT: 0.5851 | RMSE_location: 0.5764 | ACC_action: 0.3008 | F1_action: 0.0717 | MAE_deltaT: 2.5505 | MAE_x: 22.9912 | MAE_y: 29.9498
Training Loss: 10.7057
Batch [1/4] | Loss: 7.5746 | CEL_action: 1.8233 | RMSE_deltaT: 0.2715 | RMSE_location: 0.4394 | ACC_action: 0.3320 | F1_action: 0.0554 | MAE_deltaT: 2.0025 | MAE_x: 25.0054 | MAE_y: 20.5704
Batch [2/4] | Loss: 7.3171 | CEL_action: 1.8225 | RMSE_deltaT: 0.2559 | RMSE_location: 0.4215 | ACC_action: 0.3320 | F1_action: 0.0554 | MAE_deltaT: 2.3052 | MAE_x: 23.2989 | MAE_y: 19.6920
Batch [3/4] | Loss: 7.3531 | CEL_action: 1.8338 | RMSE_deltaT: 0.2594 | RMSE_location: 0.4222 | ACC_action: 0.3229 | F1_action: 0.0542 | MAE_deltaT: 2.6897 | MAE_x: 24.0623 | MAE_y: 19.3506
Batch [4/4] | Loss: 7.4294 | CEL_action: 1.8621 | RMSE_deltaT: 0.2855 | RMSE_location: 0.4140 | ACC_action: 0.3050 | F1_action: 0.0518 | MAE_deltaT: 2.4332 | MAE_x: 23.2901 | MAE_y: 19.0875
Validation Loss: 7.4294

Epoch [2/2]
Batch [1/3] | Loss: 6.9044 | CEL_action: 1.7513 | RMSE_deltaT: 0.2481 | RMSE_location: 0.3912 | ACC_action: 0.3867 | F1_action: 0.0703 | MAE_deltaT: 3.2653 | MAE_x: 21.4026 | MAE_y: 17.1609
Batch [2/3] | Loss: 6.9890 | CEL_action: 1.6957 | RMSE_deltaT: 0.2927 | RMSE_location: 0.3830 | ACC_action: 0.3789 | F1_action: 0.0670 | MAE_deltaT: 26.2398 | MAE_x: 20.5392 | MAE_y: 17.1833
Batch [3/3] | Loss: 7.0442 | CEL_action: 1.6622 | RMSE_deltaT: 0.3086 | RMSE_location: 0.3839 | ACC_action: 0.3880 | F1_action: 0.0692 | MAE_deltaT: 30.6603 | MAE_x: 20.5505 | MAE_y: 17.1043
Training Loss: 7.0442
Batch [1/4] | Loss: 7.0979 | CEL_action: 1.6138 | RMSE_deltaT: 0.3038 | RMSE_location: 0.3965 | ACC_action: 0.3320 | F1_action: 0.0554 | MAE_deltaT: 3.1296 | MAE_x: 16.7037 | MAE_y: 20.4079
Batch [2/4] | Loss: 6.9732 | CEL_action: 1.6047 | RMSE_deltaT: 0.2855 | RMSE_location: 0.3941 | ACC_action: 0.3320 | F1_action: 0.0554 | MAE_deltaT: 3.4824 | MAE_x: 17.9375 | MAE_y: 19.2966
Batch [3/4] | Loss: 7.1016 | CEL_action: 1.6251 | RMSE_deltaT: 0.2894 | RMSE_location: 0.4029 | ACC_action: 0.3229 | F1_action: 0.0542 | MAE_deltaT: 3.8382 | MAE_x: 19.7184 | MAE_y: 19.1306
Batch [4/4] | Loss: 7.2540 | CEL_action: 1.6652 | RMSE_deltaT: 0.3199 | RMSE_location: 0.3989 | ACC_action: 0.3050 | F1_action: 0.0518 | MAE_deltaT: 3.6727 | MAE_x: 19.5921 | MAE_y: 18.8683
Validation Loss: 7.2540

Best epoch: 2 | Best validation loss: 7.2540 | Corresponding training loss: 7.0442
FLOPs: 233416712 | Number of parameters: 199395
Model and loss saved at /home/c_yeung/workspace6/python/openstarlab/Event/test/model/Seq2Event//out/train/20240928-114748/run_1/
